<?xml version="1.0" encoding="UTF-8"?>
<testng-results skipped="0" failed="0" ignored="0" total="2" passed="2">
  <reporter-output>
  </reporter-output>
  <suite name="Default suite" duration-ms="5877" started-at="2021-10-31T18:05:31 EDT" finished-at="2021-10-31T18:05:37 EDT">
    <groups>
    </groups>
    <test name="Default test" duration-ms="5877" started-at="2021-10-31T18:05:31 EDT" finished-at="2021-10-31T18:05:37 EDT">
      <class name="tests.GetQuote_TC1">
        <test-method status="PASS" signature="initialize()[pri:0, instance:tests.GetQuote_TC1@7d9f158f]" name="initialize" is-config="true" duration-ms="1052" started-at="2021-10-31T18:05:31 EDT" finished-at="2021-10-31T18:05:32 EDT">
          <reporter-output>
          </reporter-output>
        </test-method> <!-- initialize -->
        <test-method status="PASS" signature="LandingPage()[pri:0, instance:tests.GetQuote_TC1@7d9f158f]" name="LandingPage" duration-ms="10" started-at="2021-10-31T18:05:32 EDT" finished-at="2021-10-31T18:05:32 EDT">
          <reporter-output>
          </reporter-output>
        </test-method> <!-- LandingPage -->
        <test-method status="PASS" signature="QuotePage()[pri:0, instance:tests.GetQuote_TC1@7d9f158f]" name="QuotePage" duration-ms="4696" started-at="2021-10-31T18:05:32 EDT" finished-at="2021-10-31T18:05:37 EDT">
          <reporter-output>
          </reporter-output>
        </test-method> <!-- QuotePage -->
        <test-method status="PASS" signature="TeardownTest()[pri:0, instance:tests.GetQuote_TC1@7d9f158f]" name="TeardownTest" is-config="true" duration-ms="92" started-at="2021-10-31T18:05:37 EDT" finished-at="2021-10-31T18:05:37 EDT">
          <reporter-output>
          </reporter-output>
        </test-method> <!-- TeardownTest -->
      </class> <!-- tests.GetQuote_TC1 -->
    </test> <!-- Default test -->
  </suite> <!-- Default suite -->
</testng-results>
